C51 COMPILER V9.56.0.0   COMMU                                                             04/14/2018 19:43:51 PAGE 1   


C51 COMPILER V9.56.0.0, COMPILATION OF MODULE COMMU
OBJECT MODULE PLACED IN .\Objects\commu.obj
COMPILER INVOKED BY: C:\Keil_v5\C51\BIN\C51.EXE ..\bsp\commu.c OPTIMIZE(8,SPEED) BROWSE INCDIR(..\app;..\bsp;..\lib;..\l
                    -ib\inc) DEBUG OBJECTEXTEND PRINT(.\Listings\commu.lst) TABS(2) OBJECT(.\Objects\commu.obj)

line level    source

   1          #include "commu.h"
   2          #include "bsp_uart.h"
   3          
   4          int Commu_Sent(void *buf){
   5   1        Bsp_UartSendBuf(BSP_UART1_ID, buf, BUF_SIZE);
   6   1        return 1;
   7   1      }
   8          
   9          
  10          
  11          
  12          
  13          
  14          


MODULE INFORMATION:   STATIC OVERLAYABLE
   CODE SIZE        =     16    ----
   CONSTANT SIZE    =   ----    ----
   XDATA SIZE       =   ----    ----
   PDATA SIZE       =   ----    ----
   DATA SIZE        =   ----    ----
   IDATA SIZE       =   ----    ----
   BIT SIZE         =   ----    ----
END OF MODULE INFORMATION.


C51 COMPILATION COMPLETE.  0 WARNING(S),  0 ERROR(S)
