C51 COMPILER V9.59.0.0   TIMEOUT                                                           08/24/2018 10:21:58 PAGE 1   


C51 COMPILER V9.59.0.0, COMPILATION OF MODULE TIMEOUT
OBJECT MODULE PLACED IN .\Objects\TimeOut.obj
COMPILER INVOKED BY: D:\keil4\C51\BIN\C51.EXE ..\bsp\TimeOut.c OPTIMIZE(8,SPEED) BROWSE INCDIR(..\app;..\bsp;..\lib;..\l
                    -ib\inc) DEBUG OBJECTEXTEND PRINT(.\Listings\TimeOut.lst) TABS(2) OBJECT(.\Objects\TimeOut.obj)

line level    source

   1          #include "TimeOut.h"
   2          
   3          
   4          volatile clock_time_t InsBaseNum = 0;
   5          
   6          void TimeOutDet_Init(void)
   7          {
   8   1        InsBaseNum=0;
   9   1      }
  10          
  11          void TimeOutDet_DecHandle(void)
  12          {
  13   1        InsBaseNum++;
  14   1      }
  15          
  16          clock_time_t TimeOut_BaseValue(void)
  17          {
  18   1        return InsBaseNum;
  19   1      }
  20          
  21          void TimeOut_Record(TIMEOUT_PARA * TimeOutPara,clock_time_t timeoutvalue)
  22          
  23          {
  24   1        TimeOutPara->RecordValue=TimeOut_BaseValue();
  25   1        TimeOutPara->timeoutcnt=timeoutvalue;
  26   1      }
  27          /*
  28          void TimeOut_restart(TIMEOUT_PARA *TimeOutPara)
  29          { 
  30            TimeOutPara->RecordValue = TimeOut_BaseValue();
  31          }
  32          */
  33          clock_time_t TimeOutDet_Check(TIMEOUT_PARA * TimeOutPara)
  34          {
  35   1        return (((clock_time_t)(InsBaseNum-TimeOutPara->RecordValue)>=TimeOutPara->timeoutcnt)?1:0);
  36   1      }
  37          


MODULE INFORMATION:   STATIC OVERLAYABLE
   CODE SIZE        =    121    ----
   CONSTANT SIZE    =   ----    ----
   XDATA SIZE       =   ----    ----
   PDATA SIZE       =   ----    ----
   DATA SIZE        =      4       7
   IDATA SIZE       =   ----    ----
   BIT SIZE         =   ----    ----
END OF MODULE INFORMATION.


C51 COMPILATION COMPLETE.  0 WARNING(S),  0 ERROR(S)
