C51 COMPILER V9.59.0.0   INIT                                                              08/23/2018 11:49:40 PAGE 1   


C51 COMPILER V9.59.0.0, COMPILATION OF MODULE INIT
OBJECT MODULE PLACED IN .\obj\INIT.obj
COMPILER INVOKED BY: D:\keil4\C51\BIN\C51.EXE C\INIT.C OPTIMIZE(8,SPEED) BROWSE INCDIR(.\H;.\lib) DEBUG OBJECTEXTEND PRI
                    -NT(.\lst\INIT.lst) TABS(2) OBJECT(.\obj\INIT.obj)

line level    source

   1          #include "h/INIT.H"
   2          
   3          #include "H/SC93F833X_C.H"
   4          unsigned char count_250us_time,count_level;
   5          unsigned int count_1ms_time;
   6          extern unsigned int motro_count0,motro_count1,auto_close_heat_cnt,auto_close_mass_cnt;
   7          extern unsigned char up_flag,down_flag,auto_close_heat,auto_close_mass;
   8          
   9          unsigned char u8IICdata;
  10          
  11          void GPIO_INIT(void)
  12          {
  13   1        IO_IIC_INT_PIN = 1;       //P21 IIC INT脚，1=当前无数据
  14   1          IO_BACK_LIGHT_PIN = 0;          //关闭背光
  15   1          IO_LED0_PIN = 1;                //关闭功能指示LED
  16   1          IO_LED1_PIN = 1;                //关闭功能指示LED
  17   1        P2CON |= (1 << 1) | (1 << 4) | (1 << 6) | (1 << 7);    //设置P21 P24 P26 P27为输出
  18   1          P1CON = 0xFF;                  //设置功能指示LED驱动脚
  19   1          P1 = 0xFF;                     //关闭功能指示LED
  20   1      }
  21          
  22          
  23          void iic_init(void)
  24          {
  25   1          OTCON = 0x80; //0b10000000; //SSMOD=10 TWI mode
  26   1          SSCON1 = 0x5A;//0b01011010; //Add=5A
  27   1          SSCON0 = 0x88;//0b10001000; //Enable TWI
  28   1          IE1 |=0x01;//0b00000001;   //Enable ESSI INT
  29   1      }
  30          
  31          void iic_interrput() interrupt 7
  32          {
  33   1          //软件清TWIF标志
  34   1          if( (SSCON0&0x07) == 0x02 )
  35   1        {
  36   2          if( 0x5A != SSDAT )
  37   2          {
  38   3            u8IICdata = SSDAT;
  39   3                  IO_LED0_PIN = (0x01&u8IICdata)?1:0;
  40   3                  IO_LED1_PIN = (0x02&u8IICdata)?1:0;
  41   3                  IO_LED2_PIN = (0x04&u8IICdata)?1:0;
  42   3                  IO_LED3_PIN = (0x08&u8IICdata)?1:0;
  43   3                  IO_LED4_PIN = (0x10&u8IICdata)?1:0;
  44   3                  IO_LED5_PIN = (0x20&u8IICdata)?1:0;
  45   3                  
  46   3                  IO_BACK_LIGHT_PIN = (0x40&u8IICdata)?0:1;
  47   3          }
  48   2        }
  49   1          else if( (SSCON0&0x07) == 0x03 )  //发送数据状态
  50   1        {
  51   2          IO_IIC_INT_PIN = 1;
  52   2        }
  53   1          
  54   1        SSCON0 &= 0xbf;//0b10111111; //TWIF = 0;
C51 COMPILER V9.59.0.0   INIT                                                              08/23/2018 11:49:40 PAGE 2   

  55   1      }
  56          
  57          void Timer0_Init(void)
  58          { 
  59   1        //TMCON = 0X07;    //------111 ;Timer0、Tiemr1和Tiemr2选择时钟Fsys
  60   1        //T0设置
  61   1        //TMOD = 0x44;     //0001 0001  ;Timer0和Timer1设置工作方式1
  62   1        TL0 = (65536 - 605)%256;    //溢出时间：时钟为Fsys，则6000*（1/Fsys）=250us;
  63   1        TH0 = (65536 - 605)/256;
  64   1        TR0 = 0;
  65   1        ET0 = 1;//定时器0允许
  66   1        TR0 = 1;//打开定时器0
  67   1        //T2设置
  68   1        T2MOD=0x00;
  69   1        T2CON=0x00;  //设置为16位重载寄存器
  70   1        RCAP2H=(65536-1000)/256;     //溢出时间：时钟为Fsys，则12000*（1/Fsys）=0.5ms;
  71   1        RCAP2L=(65536-1000)%256;
  72   1        TR2 = 0;
  73   1        ET2 = 1;//定时器2允许
  74   1        TR2 = 1;//打开定时器2 
  75   1      }
  76          
  77          void TIMER1_INIT(void)
  78          {
  79   1          //TMCON = 0X07;    //------111 ;Timer0、Tiemr1和Tiemr2选择时钟Fsys
  80   1          //T1设置
  81   1        //TMOD = 0x44;
  82   1        TL1 = (65536 - 6060)%256;   //溢出时间：时钟为Fsys，则24000*（1/Fsys）=1ms;
  83   1        TH1 = (65536 - 6060)/256;
  84   1        TR1 = 0;
  85   1        ET1 = 1;//定时器1允许
  86   1        TR1 = 1;//打开定时器1   
  87   1      }
  88          
  89          void timer1() interrupt 3
  90          {
  91   1          TL1 = (65536 - 6060)%256;
  92   1        TH1 = (65536 - 6060)/256;
  93   1      }
  94          
  95          void timer0() interrupt 1
  96          {
  97   1          TL0 = (65536 - 605)%256;
  98   1        TH0 = (65536 - 605)/256;     //100us
  99   1      
 100   1          count_250us_time++;
 101   1        if(count_250us_time > 100)
 102   1        {
 103   2          count_250us_time = 0;
 104   2        }
 105   1        
 106   1      }
 107          
 108          void Timer2Int(void) interrupt 5
 109          {   
 110   1        TF2 = 0;   //溢出清零
 111   1      //    P02=~P02;
 112   1      //    P25 = ~P25;
 113   1      }
 114          
 115          

C51 COMPILER V9.59.0.0   INIT                                                              08/23/2018 11:49:40 PAGE 3   


MODULE INFORMATION:   STATIC OVERLAYABLE
   CODE SIZE        =    241    ----
   CONSTANT SIZE    =   ----    ----
   XDATA SIZE       =   ----    ----
   PDATA SIZE       =   ----    ----
   DATA SIZE        =      5    ----
   IDATA SIZE       =   ----    ----
   BIT SIZE         =   ----    ----
END OF MODULE INFORMATION.


C51 COMPILATION COMPLETE.  0 WARNING(S),  0 ERROR(S)
